------------------------------------------------------------------------------------------------------------------------

[2025-03-24 10:40:37 #1 store] 
Database 'C:\Users\itxas\git\3Marroia\MarroiaService\flights.odb' is opened by 28528@Itxaso

[2025-03-24 10:40:37 #2 type] 
Type domain.Flight is not enhanced.

[2025-03-24 10:40:37 #3 type] 
Type domain.ConcreteFlight is not enhanced.

------------------------------------------------------------------------------------------------------------------------

[2025-03-24 15:41:09 #1 store] 
Database 'C:\Users\itxas\git\3Marroia\MarroiaService\flights.odb' has been recovered (tr. 17-19)

[2025-03-24 15:41:09 #2 store] 
Database 'C:\Users\itxas\git\3Marroia\MarroiaService\flights.odb' is opened by 28300@Itxaso

[2025-03-24 15:41:09 #3 type] 
Type domain.Flight is not enhanced.

[2025-03-24 15:41:09 #4 type] 
Type domain.ConcreteFlight is not enhanced.

------------------------------------------------------------------------------------------------------------------------

[2025-03-24 15:55:15 #1 store] 
Database 'C:\Users\itxas\git\3Marroia\MarroiaService\flights.odb' is opened by 11620@Itxaso

[2025-03-24 15:55:15 #2 type] 
Type domain.Flight is not enhanced.

[2025-03-24 15:55:15 #3 type] 
Type domain.ConcreteFlight is not enhanced.

------------------------------------------------------------------------------------------------------------------------

[2025-03-24 15:57:49 #1 store] 
Database 'C:\Users\itxas\git\3Marroia\MarroiaService\flights.odb' has been recovered (tr. 20-20)

[2025-03-24 15:57:50 #2 store] 
Database 'C:\Users\itxas\git\3Marroia\MarroiaService\flights.odb' is opened by 14420@Itxaso

[2025-03-24 15:57:50 #3 type] 
Type domain.Flight is not enhanced.

[2025-03-24 15:57:50 #4 type] 
Type domain.ConcreteFlight is not enhanced.

------------------------------------------------------------------------------------------------------------------------

[2025-03-24 16:32:28 #1 store] 
Database 'C:\Users\itxas\git\3Marroia\MarroiaService\flights.odb' is opened by 3828@Itxaso

[2025-03-24 16:32:28 #2 type] 
Type domain.Flight is not enhanced.

[2025-03-24 16:32:28 #3 type] 
Type domain.ConcreteFlight is not enhanced.

------------------------------------------------------------------------------------------------------------------------

[2025-03-24 16:46:22 #1 store] 
Database 'C:\Users\itxas\git\3Marroia\MarroiaService\flights.odb' is opened by 21496@Itxaso

[2025-03-24 16:46:22 #2 type] 
Type domain.Flight is not enhanced.

[2025-03-24 16:46:22 #3 type] 
Type domain.ConcreteFlight is not enhanced.

------------------------------------------------------------------------------------------------------------------------

[2025-03-24 16:52:24 #1 store] 
Database 'C:\Users\itxas\git\3Marroia\MarroiaService\flights.odb' is opened by 13436@Itxaso

[2025-03-24 16:52:24 #2 type] 
Type domain.Flight is not enhanced.

[2025-03-24 16:52:24 #3 type] 
Type domain.ConcreteFlight is not enhanced.

------------------------------------------------------------------------------------------------------------------------

[2025-03-24 17:01:14 #1 store] 
Database 'C:\Users\itxas\git\3Marroia\MarroiaService\flights.odb' is opened by 19964@Itxaso

[2025-03-24 17:01:14 #2 type] 
Type domain.Flight is not enhanced.

[2025-03-24 17:01:14 #3 type] 
Type domain.ConcreteFlight is not enhanced.

------------------------------------------------------------------------------------------------------------------------

[2025-03-24 17:08:12 #1 store] 
Database 'C:\Users\itxas\git\3Marroia\MarroiaService\flights.odb' is opened by 23340@Itxaso

[2025-03-24 17:08:13 #2 type] 
Type domain.Flight is not enhanced.

[2025-03-24 17:08:13 #3 type] 
Type domain.ConcreteFlight is not enhanced.

------------------------------------------------------------------------------------------------------------------------

[2025-03-24 17:10:36 #1 store] 
Database 'C:\Users\itxas\git\3Marroia\MarroiaService\flights.odb' is opened by 10020@Itxaso

[2025-03-24 17:10:36 #2 type] 
Type domain.Flight is not enhanced.

[2025-03-24 17:10:36 #3 type] 
Type domain.ConcreteFlight is not enhanced.

------------------------------------------------------------------------------------------------------------------------

[2025-03-24 19:10:58 #1 store] 
Database 'C:\Users\itxas\git\3Marroia\MarroiaService\flights.odb' has been recovered (tr. 21-21)

[2025-03-24 19:10:58 #2 store] 
Database 'C:\Users\itxas\git\3Marroia\MarroiaService\flights.odb' is opened by 23792@Itxaso

[2025-03-24 19:10:58 #3 type] 
Type domain.Flight is not enhanced.

[2025-03-24 19:10:58 #4 type] 
Type domain.ConcreteFlight is not enhanced.

